[debug] [2020-03-01T23:37:49.841Z] ----------------------------------------------------------------------
[debug] [2020-03-01T23:37:49.843Z] Command:       C:\Program Files\nodejs\node.exe C:\Users\Pablo\AppData\Roaming\npm\node_modules\firebase-tools\lib\bin\firebase.js serve
[debug] [2020-03-01T23:37:49.843Z] CLI Version:   7.14.0
[debug] [2020-03-01T23:37:49.843Z] Platform:      win32
[debug] [2020-03-01T23:37:49.843Z] Node Version:  v12.16.0
[debug] [2020-03-01T23:37:49.844Z] Time:          Sun Mar 01 2020 23:37:49 GMT+0000 (GMT)
[debug] [2020-03-01T23:37:49.844Z] ----------------------------------------------------------------------
[debug] [2020-03-01T23:37:49.844Z] 
[debug] [2020-03-01T23:37:49.851Z] > command requires scopes: ["email","openid","https://www.googleapis.com/auth/cloudplatformprojects.readonly","https://www.googleapis.com/auth/firebase","https://www.googleapis.com/auth/cloud-platform"]
[debug] [2020-03-01T23:37:49.851Z] > authorizing via signed-in user
[debug] [2020-03-01T23:37:49.851Z] [iam] checking project lolreact for permissions ["firebase.projects.get"]
[debug] [2020-03-01T23:37:49.853Z] >>> HTTP REQUEST POST https://cloudresourcemanager.googleapis.com/v1/projects/lolreact:testIamPermissions  

[debug] [2020-03-01T23:37:50.777Z] <<< HTTP RESPONSE 200
[debug] [2020-03-01T23:37:50.779Z] >>> HTTP REQUEST GET https://firebase.googleapis.com/v1beta1/projects/lolreact  
 
[debug] [2020-03-01T23:37:51.064Z] <<< HTTP RESPONSE 200
[info] 
[info] === Serving from 'E:\GitHub\React'...
[info] 
[debug] [2020-03-01T23:37:51.066Z] >>> HTTP REQUEST GET https://firebase.googleapis.com/v1beta1/projects/lolreact/webApps/-/config  
 
[debug] [2020-03-01T23:37:51.716Z] <<< HTTP RESPONSE 200
[info] i  hosting: Serving hosting files from: public
[info] +  hosting: Local server: http://localhost:5000
